[ERROR] [03:07:58]  - com.ailk.uap.config.PropertiesUtil.main(PropertiesUtil.java:41)===3edc#EDC
[ERROR] [03:07:58]  - com.ailk.uap.config.PropertiesUtil.main(PropertiesUtil.java:41)===HANGBOMC
[ERROR] [03:07:58]  - com.ailk.uap.config.PropertiesUtil.main(PropertiesUtil.java:41)===oracle.jdbc.driver.OracleDriver
[ERROR] [03:07:58]  - com.ailk.uap.config.PropertiesUtil.main(PropertiesUtil.java:41)===D:\work\work2012\safe\day
[ERROR] [03:07:58]  - com.ailk.uap.config.PropertiesUtil.main(PropertiesUtil.java:41)===3edc#EDC
[ERROR] [03:07:58]  - com.ailk.uap.config.PropertiesUtil.main(PropertiesUtil.java:41)===D:\work\work2012\safefile\MONTH
[ERROR] [03:07:58]  - com.ailk.uap.config.PropertiesUtil.main(PropertiesUtil.java:41)===5
[ERROR] [03:07:58]  - com.ailk.uap.config.PropertiesUtil.main(PropertiesUtil.java:41)===21
[ERROR] [03:07:58]  - com.ailk.uap.config.PropertiesUtil.main(PropertiesUtil.java:41)===D:\work\work2012\db\day\SMFLO
[ERROR] [03:07:58]  - com.ailk.uap.config.PropertiesUtil.main(PropertiesUtil.java:41)===5
[ERROR] [03:07:58]  - com.ailk.uap.config.PropertiesUtil.main(PropertiesUtil.java:41)===D:\work\work2012\static
[ERROR] [03:07:58]  - com.ailk.uap.config.PropertiesUtil.main(PropertiesUtil.java:41)===D:\work\work2012\db\month\SMCRF
[ERROR] [03:07:58]  - com.ailk.uap.config.PropertiesUtil.main(PropertiesUtil.java:41)===audit11
[ERROR] [03:07:58]  - com.ailk.uap.config.PropertiesUtil.main(PropertiesUtil.java:41)===1
[ERROR] [03:07:58]  - com.ailk.uap.config.PropertiesUtil.main(PropertiesUtil.java:41)===345600000
[ERROR] [03:07:58]  - com.ailk.uap.config.PropertiesUtil.main(PropertiesUtil.java:41)===D:\work\work2012\db\day\SMJKR
[ERROR] [03:07:58]  - com.ailk.uap.config.PropertiesUtil.main(PropertiesUtil.java:41)===D:\work\work2012\db\month\SMAAF
[ERROR] [03:07:58]  - com.ailk.uap.config.PropertiesUtil.main(PropertiesUtil.java:41)===aitest30
[ERROR] [03:07:58]  - com.ailk.uap.config.PropertiesUtil.main(PropertiesUtil.java:41)===20
[ERROR] [03:07:58]  - com.ailk.uap.config.PropertiesUtil.main(PropertiesUtil.java:41)===\
[ERROR] [03:07:58]  - com.ailk.uap.config.PropertiesUtil.main(PropertiesUtil.java:41)===HANGVGOP
[ERROR] [03:07:58]  - com.ailk.uap.config.PropertiesUtil.main(PropertiesUtil.java:41)===HANGBOSS
[ERROR] [03:07:58]  - com.ailk.uap.config.PropertiesUtil.main(PropertiesUtil.java:41)===aitest30
[ERROR] [03:07:58]  - com.ailk.uap.config.PropertiesUtil.main(PropertiesUtil.java:41)===D:\work\work2012\db\month\SMSMF
[ERROR] [03:07:58]  - com.ailk.uap.config.PropertiesUtil.main(PropertiesUtil.java:41)===HANGSMP
[ERROR] [03:07:58]  - com.ailk.uap.config.PropertiesUtil.main(PropertiesUtil.java:41)===D:\work\work2012\bak\hour
[ERROR] [03:07:58]  - com.ailk.uap.config.PropertiesUtil.main(PropertiesUtil.java:41)===D:\work\work2012\db\day\SMJKA
[ERROR] [03:07:58]  - com.ailk.uap.config.PropertiesUtil.main(PropertiesUtil.java:41)===D:\work\work2012\db\day\I
[ERROR] [03:07:58]  - com.ailk.uap.config.PropertiesUtil.main(PropertiesUtil.java:41)===2011-09-08 00:00:00
[ERROR] [03:07:58]  - com.ailk.uap.config.PropertiesUtil.main(PropertiesUtil.java:41)===BJOA,GOA
[ERROR] [03:07:58]  - com.ailk.uap.config.PropertiesUtil.main(PropertiesUtil.java:41)===D:\work\work2012\db\hour\SMMAL
[ERROR] [03:07:58]  - com.ailk.uap.config.PropertiesUtil.main(PropertiesUtil.java:41)===D:\work\work2012\db\day\SMDAR
[ERROR] [03:07:58]  - com.ailk.uap.config.PropertiesUtil.main(PropertiesUtil.java:41)===1-AIUAP-10027
[ERROR] [03:07:58]  - com.ailk.uap.config.PropertiesUtil.main(PropertiesUtil.java:41)===5.0
[ERROR] [03:07:58]  - com.ailk.uap.config.PropertiesUtil.main(PropertiesUtil.java:41)===D:\work\work2012\temp
[ERROR] [03:07:58]  - com.ailk.uap.config.PropertiesUtil.main(PropertiesUtil.java:41)===oracle.jdbc.driver.OracleDriver
[ERROR] [03:07:58]  - com.ailk.uap.config.PropertiesUtil.main(PropertiesUtil.java:41)===D:\work\work2012\upload
[ERROR] [03:07:58]  - com.ailk.uap.config.PropertiesUtil.main(PropertiesUtil.java:41)===classpath:com/ailk/jt/task/entity/SQL.xml
[ERROR] [03:07:58]  - com.ailk.uap.config.PropertiesUtil.main(PropertiesUtil.java:41)===20130507
[ERROR] [03:07:58]  - com.ailk.uap.config.PropertiesUtil.main(PropertiesUtil.java:41)===D:\work\work2012\hour_upload
[ERROR] [03:07:58]  - com.ailk.uap.config.PropertiesUtil.main(PropertiesUtil.java:41)===BOSS
[ERROR] [03:07:58]  - com.ailk.uap.config.PropertiesUtil.main(PropertiesUtil.java:41)===D:\work\work2012\db\hour\SMSAL
[ERROR] [03:07:58]  - com.ailk.uap.config.PropertiesUtil.main(PropertiesUtil.java:41)===122
[ERROR] [03:07:58]  - com.ailk.uap.config.PropertiesUtil.main(PropertiesUtil.java:41)===13526432500
[ERROR] [03:07:58]  - com.ailk.uap.config.PropertiesUtil.main(PropertiesUtil.java:41)===HANGESOP
[ERROR] [03:07:58]  - com.ailk.uap.config.PropertiesUtil.main(PropertiesUtil.java:41)===classpath:com/ailk/jt/task/entity/calculateSQL.xml
[ERROR] [03:07:58]  - com.ailk.uap.config.PropertiesUtil.main(PropertiesUtil.java:41)===3edc#EDC
[ERROR] [03:07:58]  - com.ailk.uap.config.PropertiesUtil.main(PropertiesUtil.java:41)===jdbc:oracle:thin:@10.87.30.149:1521:HN4ACS
[ERROR] [03:07:58]  - com.ailk.uap.config.PropertiesUtil.main(PropertiesUtil.java:41)===oracle.jdbc.OracleDriver
[ERROR] [03:07:58]  - com.ailk.uap.config.PropertiesUtil.main(PropertiesUtil.java:41)===D:\work\work2012\bak
[ERROR] [03:07:58]  - com.ailk.uap.config.PropertiesUtil.main(PropertiesUtil.java:41)===3
[ERROR] [03:07:58]  - com.ailk.uap.config.PropertiesUtil.main(PropertiesUtil.java:41)===D:\work\work2012\db\day\R
[ERROR] [03:07:58]  - com.ailk.uap.config.PropertiesUtil.main(PropertiesUtil.java:41)===/home/capesup/SafeM/static
[ERROR] [03:07:58]  - com.ailk.uap.config.PropertiesUtil.main(PropertiesUtil.java:41)===0 6 0 * * ?
[ERROR] [03:07:58]  - com.ailk.uap.config.PropertiesUtil.main(PropertiesUtil.java:41)===D:\work\work2012\db\month\SMMAF
[ERROR] [03:07:58]  - com.ailk.uap.config.PropertiesUtil.main(PropertiesUtil.java:41)===D:\work\work2012\db\day\AAI
[ERROR] [03:07:58]  - com.ailk.uap.config.PropertiesUtil.main(PropertiesUtil.java:41)===aitest30
[ERROR] [03:07:58]  - com.ailk.uap.config.PropertiesUtil.main(PropertiesUtil.java:41)===HANGBASS
[ERROR] [03:07:58]  - com.ailk.uap.config.PropertiesUtil.main(PropertiesUtil.java:41)===2013-07-16
[ERROR] [03:07:58]  - com.ailk.uap.config.PropertiesUtil.main(PropertiesUtil.java:41)===D:\work\work2012\db\day\SMBHR
[ERROR] [03:07:58]  - com.ailk.uap.config.PropertiesUtil.main(PropertiesUtil.java:41)===0.8
[ERROR] [03:07:58]  - com.ailk.uap.config.PropertiesUtil.main(PropertiesUtil.java:41)===/home/aiuap/SafeM
[ERROR] [03:07:58]  - com.ailk.uap.config.PropertiesUtil.main(PropertiesUtil.java:41)===3edc#EDC
[ERROR] [03:07:58]  - com.ailk.uap.config.PropertiesUtil.main(PropertiesUtil.java:41)===D:\work\work2012\safe\hour\SMMAL
[ERROR] [03:07:58]  - com.ailk.uap.config.PropertiesUtil.main(PropertiesUtil.java:41)===jdbc:oracle:thin:@10.87.30.149:1521:HN4ACS
[ERROR] [03:07:58]  - com.ailk.uap.config.PropertiesUtil.main(PropertiesUtil.java:41)===uap2.0
[ERROR] [03:07:58]  - com.ailk.uap.config.PropertiesUtil.main(PropertiesUtil.java:41)===20
[ERROR] [03:07:58]  - com.ailk.uap.config.PropertiesUtil.main(PropertiesUtil.java:41)===oracle.jdbc.driver.OracleDriver
[ERROR] [03:07:58]  - com.ailk.uap.config.PropertiesUtil.main(PropertiesUtil.java:41)===016
[ERROR] [03:07:58]  - com.ailk.uap.config.PropertiesUtil.main(PropertiesUtil.java:41)===D:\work\work2012\db\hour
[ERROR] [03:07:58]  - com.ailk.uap.config.PropertiesUtil.main(PropertiesUtil.java:41)===1-AIUAP-10000
[ERROR] [03:07:58]  - com.ailk.uap.config.PropertiesUtil.main(PropertiesUtil.java:41)===2013-07-15
[ERROR] [03:07:58]  - com.ailk.uap.config.PropertiesUtil.main(PropertiesUtil.java:41)===1,2,6
[ERROR] [03:07:58]  - com.ailk.uap.config.PropertiesUtil.main(PropertiesUtil.java:41)===a4_main_acct_jt
[ERROR] [03:07:58]  - com.ailk.uap.config.PropertiesUtil.main(PropertiesUtil.java:41)===2011-09-09 03:04:00
[ERROR] [03:07:58]  - com.ailk.uap.config.PropertiesUtil.main(PropertiesUtil.java:41)===HANGBOSS
[ERROR] [03:07:58]  - com.ailk.uap.config.PropertiesUtil.main(PropertiesUtil.java:41)===5
[ERROR] [03:07:58]  - com.ailk.uap.config.PropertiesUtil.main(PropertiesUtil.java:41)===jdbc:oracle:thin:@10.87.30.149:1521:HN4ACS
[ERROR] [03:07:58]  - com.ailk.uap.config.PropertiesUtil.main(PropertiesUtil.java:41)===D:\work\work2012\schema
[ERROR] [03:07:58]  - com.ailk.uap.config.PropertiesUtil.main(PropertiesUtil.java:41)===10
[ERROR] [03:07:58]  - com.ailk.uap.config.PropertiesUtil.main(PropertiesUtil.java:41)===D:\work\work2012\db\day\4AI
[ERROR] [03:07:58]  - com.ailk.uap.config.PropertiesUtil.main(PropertiesUtil.java:41)===34573
[ERROR] [03:07:58]  - com.ailk.uap.config.PropertiesUtil.main(PropertiesUtil.java:41)===5
[ERROR] [03:07:58]  - com.ailk.uap.config.PropertiesUtil.main(PropertiesUtil.java:41)===D:\work\work2012\db\day\AAR
[ERROR] [03:07:58]  - com.ailk.uap.config.PropertiesUtil.main(PropertiesUtil.java:41)===371
[ERROR] [03:07:58]  - com.ailk.uap.config.PropertiesUtil.main(PropertiesUtil.java:41)===2011-09-09 00:00:00
[ERROR] [03:07:58]  - com.ailk.uap.config.PropertiesUtil.main(PropertiesUtil.java:41)===10
[ERROR] [03:07:58]  - com.ailk.uap.config.PropertiesUtil.main(PropertiesUtil.java:41)===aitest30
[ERROR] [03:07:58]  - com.ailk.uap.config.PropertiesUtil.main(PropertiesUtil.java:41)===1-AIUAP-10012
[ERROR] [03:07:58]  - com.ailk.uap.config.PropertiesUtil.main(PropertiesUtil.java:41)===16|-76|12|-58|-23|-49|111|22|38|22|-49|50|-1|-5|86|-64|89
[ERROR] [03:07:58]  - com.ailk.uap.config.PropertiesUtil.main(PropertiesUtil.java:41)===HANGVGOP
[ERROR] [03:07:58]  - com.ailk.uap.config.PropertiesUtil.main(PropertiesUtil.java:41)===0.5
[ERROR] [03:07:58]  - com.ailk.uap.config.PropertiesUtil.main(PropertiesUtil.java:41)===300 
[ERROR] [03:07:58]  - com.ailk.uap.config.PropertiesUtil.main(PropertiesUtil.java:41)===D:\work\work2012\db\month\SMHAF
[ERROR] [03:07:58]  - com.ailk.uap.config.PropertiesUtil.main(PropertiesUtil.java:41)===10.87.30.152
[ERROR] [03:07:58]  - com.ailk.uap.config.PropertiesUtil.main(PropertiesUtil.java:41)===oracle.jdbc.OracleDriver
[ERROR] [03:07:58]  - com.ailk.uap.config.PropertiesUtil.main(PropertiesUtil.java:41)===/home/aiuap/bomc_upload/files/download
[ERROR] [03:07:58]  - com.ailk.uap.config.PropertiesUtil.main(PropertiesUtil.java:41)===D:\work\work2012\db\day\SMMAI
[ERROR] [03:07:58]  - com.ailk.uap.config.PropertiesUtil.main(PropertiesUtil.java:41)===/home/aiuap/UploadTask/bak
[ERROR] [03:07:58]  - com.ailk.uap.config.PropertiesUtil.main(PropertiesUtil.java:41)===jdbc:oracle:thin:@10.87.30.149:1521:HN4ACS
[ERROR] [03:07:58]  - com.ailk.uap.config.PropertiesUtil.main(PropertiesUtil.java:41)===jdbc:oracle:thin:@10.87.30.149:1521:HN4ACS
[ERROR] [03:07:58]  - com.ailk.uap.config.PropertiesUtil.main(PropertiesUtil.java:41)===D:\work\work2012\db\day\SMFWL
[ERROR] [03:07:58]  - com.ailk.uap.config.PropertiesUtil.main(PropertiesUtil.java:41)===D:\work\work2012\db\month\SMMSF
[ERROR] [03:07:58]  - com.ailk.uap.config.PropertiesUtil.main(PropertiesUtil.java:41)===F002|F003|F004|F006|F007|F999
[ERROR] [03:07:58]  - com.ailk.uap.config.PropertiesUtil.main(PropertiesUtil.java:41)===aiuap
[ERROR] [03:07:58]  - com.ailk.uap.config.PropertiesUtil.main(PropertiesUtil.java:41)===D:\work\work2012\safe\hour\SMSAL
[ERROR] [03:07:58]  - com.ailk.uap.config.PropertiesUtil.main(PropertiesUtil.java:41)===D:\work\work2012\db\day\4AR
[ERROR] [03:07:58]  - com.ailk.uap.config.PropertiesUtil.main(PropertiesUtil.java:41)===/home/aiuap/UploadTask/dir/rsp
[ERROR] [03:07:58]  - com.ailk.uap.config.PropertiesUtil.main(PropertiesUtil.java:41)===3edc#EDC
[ERROR] [03:07:58]  - com.ailk.uap.config.PropertiesUtil.main(PropertiesUtil.java:41)===20110908
[ERROR] [03:07:58]  - com.ailk.uap.config.PropertiesUtil.main(PropertiesUtil.java:41)===HANGESOP
